<?xml version="1.0" encoding="UTF-8"?>
<testsuite xmlns:xsi="http://www.w3.org/2001/XMLSchema-instance" xsi:noNamespaceSchemaLocation="https://maven.apache.org/surefire/maven-surefire-plugin/xsd/surefire-test-report.xsd" version="3.0.2" name="manutencaopc.ManutencaopcApplicationTests" time="8.684" tests="1" errors="0" skipped="0" failures="0">
  <properties>
[...]
</properties>
  <testcase name="contextLoads" classname="manutencaopc.ManutencaopcApplicationTests" time="0.546">
    <system-out><![CDATA[11:19:56.115 [main] INFO org.springframework.test.context.support.AnnotationConfigContextLoaderUtils -- Could not detect default configuration classes for test class [manutencaopc.ManutencaopcApplicationTests]: ManutencaopcApplicationTests does not declare any static, non-private, non-final, nested classes annotated with @Configuration.
11:19:56.260 [main] INFO org.springframework.boot.test.context.SpringBootTestContextBootstrapper -- Found @SpringBootConfiguration manutencaopc.ManutencaopcApplication for test class manutencaopc.ManutencaopcApplicationTests
11:19:56.464 [main] INFO org.springframework.boot.devtools.restart.RestartApplicationListener -- Restart disabled due to context in which it is running

  .   ____          _            __ _ _
 /\\ / ___'_ __ _ _(_)_ __  __ _ \ \ \ \
( ( )\___ | '_ | '_| | '_ \/ _` | \ \ \ \
 \\/  ___)| |_)| | | | | || (_| |  ) ) ) )
  '  |____| .__|_| |_|_| |_\__, | / / / /
 =========|_|==============|___/=/_/_/_/

 :: Spring Boot ::             (v3.5.0-M3)

2025-05-05T11:19:56.930Z  INFO 57649 --- [manutencaopc] [           main] m.ManutencaopcApplicationTests           : Starting ManutencaopcApplicationTests using Java 17.0.14 with PID 57649 (started by codespace in /workspaces/manutencaopc/manutencaopc)
2025-05-05T11:19:56.934Z  INFO 57649 --- [manutencaopc] [           main] m.ManutencaopcApplicationTests           : No active profile set, falling back to 1 default profile: "default"
2025-05-05T11:19:58.259Z  INFO 57649 --- [manutencaopc] [           main] .s.d.r.c.RepositoryConfigurationDelegate : Bootstrapping Spring Data JPA repositories in DEFAULT mode.
2025-05-05T11:19:58.373Z  INFO 57649 --- [manutencaopc] [           main] .s.d.r.c.RepositoryConfigurationDelegate : Finished Spring Data repository scanning in 94 ms. Found 6 JPA repository interfaces.
2025-05-05T11:19:59.510Z  INFO 57649 --- [manutencaopc] [           main] o.hibernate.jpa.internal.util.LogHelper  : HHH000204: Processing PersistenceUnitInfo [name: default]
2025-05-05T11:19:59.585Z  INFO 57649 --- [manutencaopc] [           main] org.hibernate.Version                    : HHH000412: Hibernate ORM core version 6.6.11.Final
2025-05-05T11:19:59.623Z  INFO 57649 --- [manutencaopc] [           main] o.h.c.internal.RegionFactoryInitiator    : HHH000026: Second-level cache disabled
2025-05-05T11:19:59.964Z  INFO 57649 --- [manutencaopc] [           main] o.s.o.j.p.SpringPersistenceUnitInfo      : No LoadTimeWeaver setup: ignoring JPA class transformer
2025-05-05T11:19:59.991Z  INFO 57649 --- [manutencaopc] [           main] com.zaxxer.hikari.HikariDataSource       : HikariCP - Starting...
2025-05-05T11:20:00.607Z  INFO 57649 --- [manutencaopc] [           main] com.zaxxer.hikari.pool.HikariPool        : HikariCP - Added connection org.postgresql.jdbc.PgConnection@1aeff8ca
2025-05-05T11:20:00.609Z  INFO 57649 --- [manutencaopc] [           main] com.zaxxer.hikari.HikariDataSource       : HikariCP - Start completed.
2025-05-05T11:20:00.661Z  WARN 57649 --- [manutencaopc] [           main] org.hibernate.orm.deprecation            : HHH90000025: PostgreSQLDialect does not need to be specified explicitly using 'hibernate.dialect' (remove the property setting and it will be selected by default)
2025-05-05T11:20:00.748Z  INFO 57649 --- [manutencaopc] [           main] org.hibernate.orm.connections.pooling    : HHH10001005: Database info:
	Database JDBC URL [Connecting through datasource 'HikariDataSource (HikariCP)']
	Database driver: undefined/unknown
	Database version: 16.8
	Autocommit mode: undefined/unknown
	Isolation level: undefined/unknown
	Minimum pool size: undefined/unknown
	Maximum pool size: undefined/unknown
2025-05-05T11:20:02.193Z  INFO 57649 --- [manutencaopc] [           main] o.h.e.t.j.p.i.JtaPlatformInitiator       : HHH000489: No JTA platform available (set 'hibernate.transaction.jta.platform' to enable JTA platform integration)
Hibernate: create table cliente (id bigint generated by default as identity, email varchar(255), nome varchar(255), telefone varchar(255), primary key (id))
Hibernate: create table manutencao (id bigint generated by default as identity, data_manutencao timestamp(6), descricao varchar(255), tipo_servico varchar(255), valor float(53), computador_id bigint, tecnico_id bigint, primary key (id))
Hibernate: create table ordem_de_servico (id bigint generated by default as identity, data_abertura timestamp(6), descricao varchar(255), status varchar(255), cliente_id bigint, computador_id bigint, tecnico_id bigint, primary key (id))
Hibernate: create table peca (id bigint not null, fabricante varchar(255), nome varchar(255), preco float(53), primary key (id))
Hibernate: create table tecnico (id bigint generated by default as identity, especialidade varchar(255), nome varchar(255), telefone varchar(255), primary key (id))
Hibernate: alter table if exists manutencao add constraint FKbaxr33h5n0mta6y4y4iij7lqb foreign key (computador_id) references computadores
Hibernate: alter table if exists manutencao add constraint FKitqjay532cwolqsqtkayg2n8p foreign key (tecnico_id) references tecnico
Hibernate: alter table if exists ordem_de_servico add constraint FKofaemrifs5m3mv8dsxdr55cde foreign key (cliente_id) references cliente
Hibernate: alter table if exists ordem_de_servico add constraint FKq7f02il002u8y0oci2mrnlwa9 foreign key (computador_id) references computadores
Hibernate: alter table if exists ordem_de_servico add constraint FKtpm6aspie95r37n22tbayjkkm foreign key (tecnico_id) references tecnico
2025-05-05T11:20:02.556Z  INFO 57649 --- [manutencaopc] [           main] j.LocalContainerEntityManagerFactoryBean : Initialized JPA EntityManagerFactory for persistence unit 'default'
2025-05-05T11:20:03.425Z  WARN 57649 --- [manutencaopc] [           main] JpaBaseConfiguration$JpaWebConfiguration : spring.jpa.open-in-view is enabled by default. Therefore, database queries may be performed during view rendering. Explicitly configure spring.jpa.open-in-view to disable this warning
2025-05-05T11:20:03.485Z  INFO 57649 --- [manutencaopc] [           main] o.s.v.b.OptionalValidatorFactoryBean     : Failed to set up a Bean Validation provider: jakarta.validation.NoProviderFoundException: Unable to create a Configuration, because no Jakarta Bean Validation provider could be found. Add a provider like Hibernate Validator (RI) to your classpath.
2025-05-05T11:20:04.074Z  INFO 57649 --- [manutencaopc] [           main] m.ManutencaopcApplicationTests           : Started ManutencaopcApplicationTests in 7.623 seconds (process running for 8.994)
]]></system-out>
  </testcase>
</testsuite>